<?xml version="1.0" encoding="UTF-8"?>
<testng-results skipped="0" failed="0" total="2" passed="2">
  <reporter-output>
  </reporter-output>
  <suite name="Default suite" duration-ms="8781" started-at="2018-04-16T17:27:14Z" finished-at="2018-04-16T17:27:23Z">
    <groups>
    </groups>
    <test name="Default test" duration-ms="8781" started-at="2018-04-16T17:27:14Z" finished-at="2018-04-16T17:27:23Z">
      <class name="ukrpostTestingChrome.CheckCalculatorChrome">
        <test-method status="PASS" signature="RunBrowser()[pri:0, instance:ukrpostTestingChrome.CheckCalculatorChrome@14acaea5]" name="RunBrowser" is-config="true" duration-ms="2523" started-at="2018-04-16T20:27:14Z" description="Start Browser" finished-at="2018-04-16T20:27:17Z">
          <reporter-output>
          </reporter-output>
        </test-method> <!-- RunBrowser -->
        <test-method status="PASS" signature="Loadsite()[pri:0, instance:ukrpostTestingChrome.CheckCalculatorChrome@14acaea5]" name="Loadsite" duration-ms="4688" started-at="2018-04-16T20:27:17Z" description="This test will check condition of web site" finished-at="2018-04-16T20:27:21Z">
          <reporter-output>
          </reporter-output>
        </test-method> <!-- Loadsite -->
        <test-method status="PASS" signature="takeScreenShotOnFailure(org.testng.ITestResult)[pri:0, instance:ukrpostTestingChrome.CheckCalculatorChrome@14acaea5]" name="takeScreenShotOnFailure" is-config="true" duration-ms="1" started-at="2018-04-16T20:27:21Z" finished-at="2018-04-16T20:27:21Z">
          <params>
            <param index="0">
              <value>
                <![CDATA[[TestResult name=Loadsite status=SUCCESS method=CheckCalculatorChrome.Loadsite()[pri:0, instance:ukrpostTestingChrome.CheckCalculatorChrome@14acaea5] output={null}]]]>
              </value>
            </param>
          </params>
          <reporter-output>
          </reporter-output>
        </test-method> <!-- takeScreenShotOnFailure -->
        <test-method status="PASS" signature="CalculateShipment()[pri:0, instance:ukrpostTestingChrome.CheckCalculatorChrome@14acaea5]" name="CalculateShipment" duration-ms="782" started-at="2018-04-16T20:27:21Z" description="This test will calculate express shipment From Kyiv to Lviv" depends-on-methods="ukrpostTestingChrome.CheckCalculatorChrome.Loadsite" finished-at="2018-04-16T20:27:22Z">
          <reporter-output>
          </reporter-output>
        </test-method> <!-- CalculateShipment -->
        <test-method status="PASS" signature="takeScreenShotOnFailure(org.testng.ITestResult)[pri:0, instance:ukrpostTestingChrome.CheckCalculatorChrome@14acaea5]" name="takeScreenShotOnFailure" is-config="true" duration-ms="0" started-at="2018-04-16T20:27:22Z" finished-at="2018-04-16T20:27:22Z">
          <params>
            <param index="0">
              <value>
                <![CDATA[[TestResult name=CalculateShipment status=SUCCESS method=CheckCalculatorChrome.CalculateShipment()[pri:0, instance:ukrpostTestingChrome.CheckCalculatorChrome@14acaea5] output={null}]]]>
              </value>
            </param>
          </params>
          <reporter-output>
          </reporter-output>
        </test-method> <!-- takeScreenShotOnFailure -->
        <test-method status="PASS" signature="CloseBrowser()[pri:0, instance:ukrpostTestingChrome.CheckCalculatorChrome@14acaea5]" name="CloseBrowser" is-config="true" duration-ms="767" started-at="2018-04-16T20:27:22Z" finished-at="2018-04-16T20:27:23Z">
          <reporter-output>
          </reporter-output>
        </test-method> <!-- CloseBrowser -->
      </class> <!-- ukrpostTestingChrome.CheckCalculatorChrome -->
    </test> <!-- Default test -->
  </suite> <!-- Default suite -->
</testng-results>
