<?xml version="1.0" encoding="UTF-8"?>
<testng-results skipped="0" failed="0" total="3" passed="3">
  <reporter-output>
  </reporter-output>
  <suite name="Default suite" duration-ms="16654" started-at="2017-12-15T12:57:42Z" finished-at="2017-12-15T12:57:59Z">
    <groups>
    </groups>
    <test name="Default test" duration-ms="16654" started-at="2017-12-15T12:57:42Z" finished-at="2017-12-15T12:57:59Z">
      <class name="ukrpostTesting.EnterPAChrome">
        <test-method status="PASS" signature="RunBrowser()[pri:0, instance:ukrpostTesting.EnterPAChrome@26be92ad]" name="RunBrowser" is-config="true" duration-ms="2403" started-at="2017-12-15T14:57:42Z" description="Start Browser" finished-at="2017-12-15T14:57:45Z">
          <reporter-output>
          </reporter-output>
        </test-method> <!-- RunBrowser -->
        <test-method status="PASS" signature="Loadsite()[pri:0, instance:ukrpostTesting.EnterPAChrome@26be92ad]" name="Loadsite" duration-ms="4302" started-at="2017-12-15T14:57:45Z" description="This test will check condition of web site" finished-at="2017-12-15T14:57:49Z">
          <reporter-output>
          </reporter-output>
        </test-method> <!-- Loadsite -->
        <test-method status="PASS" signature="LoginToPa()[pri:0, instance:ukrpostTesting.EnterPAChrome@26be92ad]" name="LoginToPa" duration-ms="5509" started-at="2017-12-15T14:57:49Z" description="This test will login personal account" depends-on-methods="ukrpostTesting.EnterPAChrome.Loadsite" finished-at="2017-12-15T14:57:55Z">
          <reporter-output>
          </reporter-output>
        </test-method> <!-- LoginToPa -->
        <test-method status="PASS" signature="LogoutPa()[pri:0, instance:ukrpostTesting.EnterPAChrome@26be92ad]" name="LogoutPa" duration-ms="3643" started-at="2017-12-15T14:57:55Z" description="This test will log out from personal account" depends-on-methods="ukrpostTesting.EnterPAChrome.LoginToPa" finished-at="2017-12-15T14:57:58Z">
          <reporter-output>
          </reporter-output>
        </test-method> <!-- LogoutPa -->
        <test-method status="PASS" signature="CloseBrowser()[pri:0, instance:ukrpostTesting.EnterPAChrome@26be92ad]" name="CloseBrowser" is-config="true" duration-ms="783" started-at="2017-12-15T14:57:58Z" finished-at="2017-12-15T14:57:59Z">
          <reporter-output>
          </reporter-output>
        </test-method> <!-- CloseBrowser -->
      </class> <!-- ukrpostTesting.EnterPAChrome -->
    </test> <!-- Default test -->
  </suite> <!-- Default suite -->
</testng-results>
